Using device: cuda
lstm horizon=90 seed=42 epoch=1/30 train_mse_norm=0.94682 validation_mse_norm=1.62510
lstm horizon=90 seed=42 epoch=10/30 train_mse_norm=0.41069 validation_mse_norm=0.95781
lstm horizon=90 seed=42 epoch=20/30 train_mse_norm=0.37124 validation_mse_norm=0.82420
lstm horizon=90 seed=42 epoch=30/30 train_mse_norm=0.33640 validation_mse_norm=0.76553
lstm horizon=90 seed=43 epoch=1/30 train_mse_norm=0.86766 validation_mse_norm=1.57106
lstm horizon=90 seed=43 epoch=10/30 train_mse_norm=0.40581 validation_mse_norm=0.88998
lstm horizon=90 seed=43 epoch=20/30 train_mse_norm=0.36738 validation_mse_norm=0.82507
lstm horizon=90 seed=43 epoch=30/30 train_mse_norm=0.33137 validation_mse_norm=0.75390
lstm horizon=90 seed=44 epoch=1/30 train_mse_norm=0.92959 validation_mse_norm=1.40418
lstm horizon=90 seed=44 epoch=10/30 train_mse_norm=0.41394 validation_mse_norm=0.75619
lstm horizon=90 seed=44 epoch=20/30 train_mse_norm=0.37105 validation_mse_norm=0.68810
lstm horizon=90 seed=44 epoch=30/30 train_mse_norm=0.33606 validation_mse_norm=0.68150
lstm horizon=90 seed=45 epoch=1/30 train_mse_norm=0.94073 validation_mse_norm=1.44919
lstm horizon=90 seed=45 epoch=10/30 train_mse_norm=0.41405 validation_mse_norm=0.83477
lstm horizon=90 seed=45 epoch=20/30 train_mse_norm=0.36998 validation_mse_norm=0.72352
lstm horizon=90 seed=45 epoch=30/30 train_mse_norm=0.33665 validation_mse_norm=0.73994
lstm horizon=90 seed=46 epoch=1/30 train_mse_norm=0.90833 validation_mse_norm=1.53360
lstm horizon=90 seed=46 epoch=10/30 train_mse_norm=0.41497 validation_mse_norm=0.99283
lstm horizon=90 seed=46 epoch=20/30 train_mse_norm=0.37097 validation_mse_norm=0.88882
lstm horizon=90 seed=46 epoch=30/30 train_mse_norm=0.33542 validation_mse_norm=0.75238
transformer horizon=90 seed=42 epoch=1/30 train_mse_norm=0.86013 validation_mse_norm=1.32036
transformer horizon=90 seed=42 epoch=10/30 train_mse_norm=0.42133 validation_mse_norm=0.75890
transformer horizon=90 seed=42 epoch=20/30 train_mse_norm=0.36943 validation_mse_norm=0.88720
transformer horizon=90 seed=42 epoch=30/30 train_mse_norm=0.32485 validation_mse_norm=0.88466
transformer horizon=90 seed=43 epoch=1/30 train_mse_norm=0.85491 validation_mse_norm=1.29561
transformer horizon=90 seed=43 epoch=10/30 train_mse_norm=0.41870 validation_mse_norm=0.78374
transformer horizon=90 seed=43 epoch=20/30 train_mse_norm=0.36835 validation_mse_norm=0.84425
transformer horizon=90 seed=43 epoch=30/30 train_mse_norm=0.32732 validation_mse_norm=0.81788
transformer horizon=90 seed=44 epoch=1/30 train_mse_norm=0.85597 validation_mse_norm=1.19538
transformer horizon=90 seed=44 epoch=10/30 train_mse_norm=0.42325 validation_mse_norm=0.75502
transformer horizon=90 seed=44 epoch=20/30 train_mse_norm=0.36891 validation_mse_norm=0.85801
transformer horizon=90 seed=44 epoch=30/30 train_mse_norm=0.32660 validation_mse_norm=0.80981
transformer horizon=90 seed=45 epoch=1/30 train_mse_norm=0.85066 validation_mse_norm=1.14616
transformer horizon=90 seed=45 epoch=10/30 train_mse_norm=0.42468 validation_mse_norm=0.67357
transformer horizon=90 seed=45 epoch=20/30 train_mse_norm=0.37614 validation_mse_norm=0.77186
transformer horizon=90 seed=45 epoch=30/30 train_mse_norm=0.32830 validation_mse_norm=0.83768
transformer horizon=90 seed=46 epoch=1/30 train_mse_norm=0.87873 validation_mse_norm=1.31495
transformer horizon=90 seed=46 epoch=10/30 train_mse_norm=0.42512 validation_mse_norm=0.68558
transformer horizon=90 seed=46 epoch=20/30 train_mse_norm=0.37189 validation_mse_norm=0.69849
transformer horizon=90 seed=46 epoch=30/30 train_mse_norm=0.32067 validation_mse_norm=0.64939
pvg_itransformer horizon=90 seed=42 epoch=1/30 train_mse_norm=0.70191 validation_mse_norm=1.13511
pvg_itransformer horizon=90 seed=42 epoch=10/30 train_mse_norm=0.38132 validation_mse_norm=0.67917
pvg_itransformer horizon=90 seed=42 epoch=20/30 train_mse_norm=0.31387 validation_mse_norm=0.81187
pvg_itransformer horizon=90 seed=42 epoch=30/30 train_mse_norm=0.27392 validation_mse_norm=0.80396
pvg_itransformer horizon=90 seed=43 epoch=1/30 train_mse_norm=0.70912 validation_mse_norm=1.25002
pvg_itransformer horizon=90 seed=43 epoch=10/30 train_mse_norm=0.37767 validation_mse_norm=0.60672
pvg_itransformer horizon=90 seed=43 epoch=20/30 train_mse_norm=0.31082 validation_mse_norm=0.71498
pvg_itransformer horizon=90 seed=43 epoch=30/30 train_mse_norm=0.27121 validation_mse_norm=0.80457
pvg_itransformer horizon=90 seed=44 epoch=1/30 train_mse_norm=0.70216 validation_mse_norm=1.08579
pvg_itransformer horizon=90 seed=44 epoch=10/30 train_mse_norm=0.37696 validation_mse_norm=0.61866
pvg_itransformer horizon=90 seed=44 epoch=20/30 train_mse_norm=0.31148 validation_mse_norm=0.76757
pvg_itransformer horizon=90 seed=44 epoch=30/30 train_mse_norm=0.26532 validation_mse_norm=0.80105
pvg_itransformer horizon=90 seed=45 epoch=1/30 train_mse_norm=0.70721 validation_mse_norm=1.24052
pvg_itransformer horizon=90 seed=45 epoch=10/30 train_mse_norm=0.37655 validation_mse_norm=0.72155
pvg_itransformer horizon=90 seed=45 epoch=20/30 train_mse_norm=0.30964 validation_mse_norm=0.84345
pvg_itransformer horizon=90 seed=45 epoch=30/30 train_mse_norm=0.27414 validation_mse_norm=0.98416
pvg_itransformer horizon=90 seed=46 epoch=1/30 train_mse_norm=0.71994 validation_mse_norm=1.35922
pvg_itransformer horizon=90 seed=46 epoch=10/30 train_mse_norm=0.37510 validation_mse_norm=0.78720
pvg_itransformer horizon=90 seed=46 epoch=20/30 train_mse_norm=0.31582 validation_mse_norm=0.69870
pvg_itransformer horizon=90 seed=46 epoch=30/30 train_mse_norm=0.27461 validation_mse_norm=0.74853
lstm horizon=365 seed=42 epoch=1/30 train_mse_norm=1.09518 validation_mse_norm=1.07236
lstm horizon=365 seed=42 epoch=10/30 train_mse_norm=0.45620 validation_mse_norm=0.65967
lstm horizon=365 seed=42 epoch=20/30 train_mse_norm=0.40363 validation_mse_norm=0.62964
lstm horizon=365 seed=42 epoch=30/30 train_mse_norm=0.37905 validation_mse_norm=0.63020
lstm horizon=365 seed=43 epoch=1/30 train_mse_norm=1.04541 validation_mse_norm=0.97125
lstm horizon=365 seed=43 epoch=10/30 train_mse_norm=0.43677 validation_mse_norm=0.60704
lstm horizon=365 seed=43 epoch=20/30 train_mse_norm=0.39832 validation_mse_norm=0.60970
lstm horizon=365 seed=43 epoch=30/30 train_mse_norm=0.37442 validation_mse_norm=0.60599
lstm horizon=365 seed=44 epoch=1/30 train_mse_norm=1.04261 validation_mse_norm=1.02777
lstm horizon=365 seed=44 epoch=10/30 train_mse_norm=0.45032 validation_mse_norm=0.66570
lstm horizon=365 seed=44 epoch=20/30 train_mse_norm=0.39869 validation_mse_norm=0.63752
lstm horizon=365 seed=44 epoch=30/30 train_mse_norm=0.37691 validation_mse_norm=0.65002
lstm horizon=365 seed=45 epoch=1/30 train_mse_norm=1.09929 validation_mse_norm=1.11008
lstm horizon=365 seed=45 epoch=10/30 train_mse_norm=0.45216 validation_mse_norm=0.62940
lstm horizon=365 seed=45 epoch=20/30 train_mse_norm=0.40808 validation_mse_norm=0.60154
lstm horizon=365 seed=45 epoch=30/30 train_mse_norm=0.38556 validation_mse_norm=0.61721
lstm horizon=365 seed=46 epoch=1/30 train_mse_norm=1.06734 validation_mse_norm=1.08421
lstm horizon=365 seed=46 epoch=10/30 train_mse_norm=0.46603 validation_mse_norm=0.66593
lstm horizon=365 seed=46 epoch=20/30 train_mse_norm=0.40476 validation_mse_norm=0.60261
lstm horizon=365 seed=46 epoch=30/30 train_mse_norm=0.37891 validation_mse_norm=0.60777
transformer horizon=365 seed=42 epoch=1/30 train_mse_norm=1.01358 validation_mse_norm=0.97048
transformer horizon=365 seed=42 epoch=10/30 train_mse_norm=0.48886 validation_mse_norm=0.64035
transformer horizon=365 seed=42 epoch=20/30 train_mse_norm=0.42846 validation_mse_norm=0.61218
transformer horizon=365 seed=42 epoch=30/30 train_mse_norm=0.40050 validation_mse_norm=0.62676
transformer horizon=365 seed=43 epoch=1/30 train_mse_norm=0.96664 validation_mse_norm=0.93879
transformer horizon=365 seed=43 epoch=10/30 train_mse_norm=0.47076 validation_mse_norm=0.63272
transformer horizon=365 seed=43 epoch=20/30 train_mse_norm=0.41902 validation_mse_norm=0.59823
transformer horizon=365 seed=43 epoch=30/30 train_mse_norm=0.39641 validation_mse_norm=0.60269
transformer horizon=365 seed=44 epoch=1/30 train_mse_norm=0.99172 validation_mse_norm=0.93254
transformer horizon=365 seed=44 epoch=10/30 train_mse_norm=0.47389 validation_mse_norm=0.61192
transformer horizon=365 seed=44 epoch=20/30 train_mse_norm=0.42708 validation_mse_norm=0.58275
transformer horizon=365 seed=44 epoch=30/30 train_mse_norm=0.39876 validation_mse_norm=0.62992
transformer horizon=365 seed=45 epoch=1/30 train_mse_norm=1.04790 validation_mse_norm=0.96373
transformer horizon=365 seed=45 epoch=10/30 train_mse_norm=0.49279 validation_mse_norm=0.62598
transformer horizon=365 seed=45 epoch=20/30 train_mse_norm=0.43102 validation_mse_norm=0.59158
transformer horizon=365 seed=45 epoch=30/30 train_mse_norm=0.40241 validation_mse_norm=0.61470
transformer horizon=365 seed=46 epoch=1/30 train_mse_norm=1.04227 validation_mse_norm=0.94429
transformer horizon=365 seed=46 epoch=10/30 train_mse_norm=0.48394 validation_mse_norm=0.60127
transformer horizon=365 seed=46 epoch=20/30 train_mse_norm=0.43101 validation_mse_norm=0.55333
transformer horizon=365 seed=46 epoch=30/30 train_mse_norm=0.39889 validation_mse_norm=0.55534
pvg_itransformer horizon=365 seed=42 epoch=1/30 train_mse_norm=0.75208 validation_mse_norm=0.81139
pvg_itransformer horizon=365 seed=42 epoch=10/30 train_mse_norm=0.44894 validation_mse_norm=0.59497
pvg_itransformer horizon=365 seed=42 epoch=20/30 train_mse_norm=0.38694 validation_mse_norm=0.62570
pvg_itransformer horizon=365 seed=42 epoch=30/30 train_mse_norm=0.34175 validation_mse_norm=0.63767
pvg_itransformer horizon=365 seed=43 epoch=1/30 train_mse_norm=0.77813 validation_mse_norm=0.83648
pvg_itransformer horizon=365 seed=43 epoch=10/30 train_mse_norm=0.46688 validation_mse_norm=0.62530
pvg_itransformer horizon=365 seed=43 epoch=20/30 train_mse_norm=0.39590 validation_mse_norm=0.57019
pvg_itransformer horizon=365 seed=43 epoch=30/30 train_mse_norm=0.35666 validation_mse_norm=0.60120
pvg_itransformer horizon=365 seed=44 epoch=1/30 train_mse_norm=0.77520 validation_mse_norm=0.82049
pvg_itransformer horizon=365 seed=44 epoch=10/30 train_mse_norm=0.44991 validation_mse_norm=0.60237
pvg_itransformer horizon=365 seed=44 epoch=20/30 train_mse_norm=0.39215 validation_mse_norm=0.58808
pvg_itransformer horizon=365 seed=44 epoch=30/30 train_mse_norm=0.34680 validation_mse_norm=0.60678
pvg_itransformer horizon=365 seed=45 epoch=1/30 train_mse_norm=0.78024 validation_mse_norm=0.84446
pvg_itransformer horizon=365 seed=45 epoch=10/30 train_mse_norm=0.44662 validation_mse_norm=0.61296
pvg_itransformer horizon=365 seed=45 epoch=20/30 train_mse_norm=0.38795 validation_mse_norm=0.60707
pvg_itransformer horizon=365 seed=45 epoch=30/30 train_mse_norm=0.34454 validation_mse_norm=0.68174
pvg_itransformer horizon=365 seed=46 epoch=1/30 train_mse_norm=0.76906 validation_mse_norm=0.85550
pvg_itransformer horizon=365 seed=46 epoch=10/30 train_mse_norm=0.45371 validation_mse_norm=0.63233
pvg_itransformer horizon=365 seed=46 epoch=20/30 train_mse_norm=0.39566 validation_mse_norm=0.61216
pvg_itransformer horizon=365 seed=46 epoch=30/30 train_mse_norm=0.35756 validation_mse_norm=0.64826

Summary:
           model  horizon evaluation_protocol      mse_mean      mse_std   mae_mean   mae_std  runs  train_windows  test_windows
            lstm       90       fixed_holdout 184773.737500 43647.350322 348.115100 41.610959     5            392             1
     transformer       90       fixed_holdout 175509.940625 31397.135811 336.561011 28.685632     5            392             1
pvg_itransformer       90       fixed_holdout 115742.748438  5026.536647 273.233307  5.856044     5            392             1
            lstm      365       fixed_holdout 161242.075000  5814.770570 319.022260 10.219108     5            117             1
     transformer      365       fixed_holdout 154158.503125  9028.588488 300.251813  8.185167     5            117             1
pvg_itransformer      365       fixed_holdout 149700.865625  3660.122433 297.614252  2.928991     5            117             1
	Command being timed: "/mnt/sdc/zoujunjie/miniconda3/envs/mlearn/bin/python scripts/run_forecasting.py --base /mnt/sdc/zoujunjie --work-dir /mnt/sdc/zoujunjie/mlearn_power_coursework --processed-dir /mnt/sdc/zoujunjie/mlearn_power_coursework/data/processed_causal_asof_lag1_v2 --run-dir /mnt/sdc/zoujunjie/mlearn_power_coursework/runs/fixed_holdout_asof_lag1_v2 --rebuild-data --models lstm transformer pvg_itransformer --epochs 30 --batch-size 32 --seeds 42 43 44 45 46 --horizons 90 365"
	User time (seconds): 259.75
	System time (seconds): 7.80
	Percent of CPU this job got: 107%
	Elapsed (wall clock) time (h:mm:ss or m:ss): 4:10.01
	Average shared text size (kbytes): 0
	Average unshared data size (kbytes): 0
	Average stack size (kbytes): 0
	Average total size (kbytes): 0
	Maximum resident set size (kbytes): 1242812
	Average resident set size (kbytes): 0
	Major (requiring I/O) page faults: 0
	Minor (reclaiming a frame) page faults: 519287
	Voluntary context switches: 93003
	Involuntary context switches: 834
	Swaps: 0
	File system inputs: 0
	File system outputs: 0
	Socket messages sent: 0
	Socket messages received: 0
	Signals delivered: 0
	Page size (bytes): 4096
	Exit status: 0
